98.06.27 03:23 B C:\massassi\rd2\1.GIF --> JediNights.com /rd2 1.GIF
98.06.27 03:23 B C:\massassi\rd2\2.GIF --> JediNights.com /rd2 2.GIF
98.06.27 03:23 B C:\massassi\rd2\3.GIF --> JediNights.com /rd2 3.GIF
98.06.27 03:23 B C:\massassi\rd2\4.GIF --> JediNights.com /rd2 4.GIF
98.06.27 03:24 B C:\massassi\rd2\5.GIF --> JediNights.com /rd2 5.GIF
98.06.27 03:24 B C:\massassi\rd2\6.GIF --> JediNights.com /rd2 6.GIF
98.06.27 03:24 B C:\massassi\rd2\7.GIF --> JediNights.com /rd2 7.GIF
98.06.27 03:24 B C:\massassi\rd2\8.GIF --> JediNights.com /rd2 8.GIF
98.06.27 03:24 B C:\massassi\rd2\9.GIF --> JediNights.com /rd2 9.GIF
98.06.27 03:24 B C:\massassi\rd2\h0_sd4.txt --> JediNights.com /rd2 h0_sd4.txt
98.06.27 03:24 B C:\massassi\rd2\h0_sd5.txt --> JediNights.com /rd2 h0_sd5.txt
98.06.27 03:25 B C:\massassi\rd2\pic1.gif --> JediNights.com /rd2 pic1.gif
98.06.27 03:25 B C:\massassi\rd2\pic2.gif --> JediNights.com /rd2 pic2.gif
98.06.27 03:55 B C:\massassi\rd2\1.GIF --> JediNights.com /rd2 1.GIF
98.06.27 03:55 B C:\massassi\rd2\2.GIF --> JediNights.com /rd2 2.GIF
98.06.27 03:55 B C:\massassi\rd2\3.GIF --> JediNights.com /rd2 3.GIF
98.06.27 03:55 B C:\massassi\rd2\4.GIF --> JediNights.com /rd2 4.GIF
98.06.27 03:56 B C:\massassi\rd2\5.GIF --> JediNights.com /rd2 5.GIF
98.06.27 03:56 B C:\massassi\rd2\6.GIF --> JediNights.com /rd2 6.GIF
98.06.27 03:56 B C:\massassi\rd2\7.GIF --> JediNights.com /rd2 7.GIF
98.06.27 03:56 B C:\massassi\rd2\8.GIF --> JediNights.com /rd2 8.GIF
98.06.27 03:56 B C:\massassi\rd2\9.GIF --> JediNights.com /rd2 9.GIF
98.06.27 03:56 B C:\massassi\rd2\h0_sd4.txt --> JediNights.com /rd2 h0_sd4.txt
98.06.27 03:56 B C:\massassi\rd2\h0_sd5.txt --> JediNights.com /rd2 h0_sd5.txt
98.06.27 03:56 B C:\massassi\rd2\pic1.gif --> JediNights.com /rd2 pic1.gif
98.06.27 03:56 B C:\massassi\rd2\pic2.gif --> JediNights.com /rd2 pic2.gif
98.06.27 03:56 B C:\massassi\rd2\pic3.gif --> JediNights.com /rd2 pic3.gif
98.06.27 03:56 B C:\massassi\rd2\pic4.gif --> JediNights.com /rd2 pic4.gif
98.06.27 03:56 B C:\massassi\rd2\pic5.gif --> JediNights.com /rd2 pic5.gif
98.06.27 03:56 B C:\massassi\rd2\pic6.gif --> JediNights.com /rd2 pic6.gif
98.06.27 03:56 B C:\massassi\rd2\pic7.gif --> JediNights.com /rd2 pic7.gif
98.06.27 03:57 B C:\massassi\rd2\pic8.gif --> JediNights.com /rd2 pic8.gif
98.06.27 03:57 B C:\massassi\rd2\pic9.gif --> JediNights.com /rd2 pic9.gif
98.06.27 03:57 B C:\massassi\rd2\rotdoor1.zip --> JediNights.com /rd2 rotdoor1.zip
98.06.27 03:57 B C:\massassi\rd2\tutor.htm --> JediNights.com /rd2 tutor.htm
