98.07.28 23:22 A c:\massassi\articles\df\astair.jpg --> JediNights.com /home/spart/htdocs/massassi/articles/df astair.jpg
98.07.28 23:22 A c:\massassi\articles\df\astair2.gif --> JediNights.com /home/spart/htdocs/massassi/articles/df astair2.gif
98.07.28 23:22 A c:\massassi\articles\df\badpup.gif --> JediNights.com /home/spart/htdocs/massassi/articles/df badpup.gif
98.07.28 23:22 A c:\massassi\articles\df\blue_mar.gif --> JediNights.com /home/spart/htdocs/massassi/articles/df blue_mar.gif
98.07.28 23:23 B c:\massassi\articles\df\astair.jpg --> JediNights.com /home/spart/htdocs/massassi/articles/df astair.jpg
98.07.28 23:23 B c:\massassi\articles\df\astair2.gif --> JediNights.com /home/spart/htdocs/massassi/articles/df astair2.gif
98.07.28 23:23 B c:\massassi\articles\df\badpup.gif --> JediNights.com /home/spart/htdocs/massassi/articles/df badpup.gif
98.07.28 23:23 B c:\massassi\articles\df\blue_mar.gif --> JediNights.com /home/spart/htdocs/massassi/articles/df blue_mar.gif
98.07.28 23:24 B c:\massassi\articles\df\bow2.jpg --> JediNights.com /home/spart/htdocs/massassi/articles/df bow2.jpg
98.07.28 23:24 B c:\massassi\articles\df\bow3.jpg --> JediNights.com /home/spart/htdocs/massassi/articles/df bow3.jpg
98.07.28 23:24 B c:\massassi\articles\df\enemy.gif --> JediNights.com /home/spart/htdocs/massassi/articles/df enemy.gif
98.07.28 23:24 B c:\massassi\articles\df\enemy.htm --> JediNights.com /home/spart/htdocs/massassi/articles/df enemy.htm
98.07.28 23:24 B c:\massassi\articles\df\faces.jpg --> JediNights.com /home/spart/htdocs/massassi/articles/df faces.jpg
98.07.28 23:26 B c:\massassi\articles\df\astair.jpg --> JediNights.com /home/spart/htdocs/massassi/articles/df astair.jpg
98.07.28 23:26 B c:\massassi\articles\df\astair2.gif --> JediNights.com /home/spart/htdocs/massassi/articles/df astair2.gif
98.07.28 23:26 B c:\massassi\articles\df\badpup.gif --> JediNights.com /home/spart/htdocs/massassi/articles/df badpup.gif
98.07.28 23:26 B c:\massassi\articles\df\blue_mar.gif --> JediNights.com /home/spart/htdocs/massassi/articles/df blue_mar.gif
98.07.28 23:26 B c:\massassi\articles\df\bow2.jpg --> JediNights.com /home/spart/htdocs/massassi/articles/df bow2.jpg
98.07.28 23:26 B c:\massassi\articles\df\bow3.jpg --> JediNights.com /home/spart/htdocs/massassi/articles/df bow3.jpg
98.07.28 23:26 B c:\massassi\articles\df\enemy.gif --> JediNights.com /home/spart/htdocs/massassi/articles/df enemy.gif
98.07.28 23:26 B c:\massassi\articles\df\enemy.htm --> JediNights.com /home/spart/htdocs/massassi/articles/df enemy.htm
98.07.28 23:26 B c:\massassi\articles\df\faces.jpg --> JediNights.com /home/spart/htdocs/massassi/articles/df faces.jpg
98.07.28 23:26 B c:\massassi\articles\df\force.gif --> JediNights.com /home/spart/htdocs/massassi/articles/df force.gif
98.07.28 23:26 B c:\massassi\articles\df\jedtut.htm --> JediNights.com /home/spart/htdocs/massassi/articles/df jedtut.htm
98.07.28 23:26 B c:\massassi\articles\df\learnjed.gif --> JediNights.com /home/spart/htdocs/massassi/articles/df learnjed.gif
98.07.28 23:26 B c:\massassi\articles\df\line_red.gif --> JediNights.com /home/spart/htdocs/massassi/articles/df line_red.gif
98.07.28 23:26 B c:\massassi\articles\df\make3do.htm --> JediNights.com /home/spart/htdocs/massassi/articles/df make3do.htm
98.07.28 23:26 B c:\massassi\articles\df\makeforc.htm --> JediNights.com /home/spart/htdocs/massassi/articles/df makeforc.htm
98.07.28 23:26 B c:\massassi\articles\df\mat.jpg --> JediNights.com /home/spart/htdocs/massassi/articles/df mat.jpg
98.07.28 23:26 B c:\massassi\articles\df\mat_tut1.gif --> JediNights.com /home/spart/htdocs/massassi/articles/df mat_tut1.gif
98.07.28 23:26 B c:\massassi\articles\df\mat_tut2.gif --> JediNights.com /home/spart/htdocs/massassi/articles/df mat_tut2.gif
98.07.28 23:27 B c:\massassi\articles\df\mat_tut3.gif --> JediNights.com /home/spart/htdocs/massassi/articles/df mat_tut3.gif
98.07.28 23:27 B c:\massassi\articles\df\mat_tut4.gif --> JediNights.com /home/spart/htdocs/massassi/articles/df mat_tut4.gif
98.07.28 23:27 B c:\massassi\articles\df\mat_tut5.gif --> JediNights.com /home/spart/htdocs/massassi/articles/df mat_tut5.gif
98.07.28 23:27 B c:\massassi\articles\df\slashgrt.jpg --> JediNights.com /home/spart/htdocs/massassi/articles/df slashgrt.jpg
98.07.28 23:27 B c:\massassi\articles\df\smblue_r.gif --> JediNights.com /home/spart/htdocs/massassi/articles/df smblue_r.gif
98.07.28 23:27 B c:\massassi\articles\df\template.gif --> JediNights.com /home/spart/htdocs/massassi/articles/df template.gif
98.07.28 23:27 B c:\massassi\articles\df\tutor.htm --> JediNights.com /home/spart/htdocs/massassi/articles/df tutor.htm
98.07.28 23:27 B c:\massassi\articles\df\tutorial.htm --> JediNights.com /home/spart/htdocs/massassi/articles/df tutorial.htm
98.07.28 23:27 B c:\massassi\articles\df\tutorial.jpg --> JediNights.com /home/spart/htdocs/massassi/articles/df tutorial.jpg
98.07.28 23:27 B c:\massassi\articles\df\uggy.jpg --> JediNights.com /home/spart/htdocs/massassi/articles/df uggy.jpg
98.07.28 23:27 B c:\massassi\articles\df\water.jpg --> JediNights.com /home/spart/htdocs/massassi/articles/df water.jpg
98.07.28 23:27 B c:\massassi\articles\df\window.gif --> JediNights.com /home/spart/htdocs/massassi/articles/df window.gif
